<?xml version="1.0" encoding="UTF-8"?>
<testsuite name="TwoferTest" tests="4" skipped="0" failures="0" errors="0" timestamp="2021-08-04T13:44:25" hostname="gimtaejins-MacBook-Air.local" time="0.007">
  <properties/>
  <testcase name="noNameGiven" classname="TwoferTest" time="0.005"/>
  <testcase name="emptyStringIsNotTheSameAsNull" classname="TwoferTest" time="0.0"/>
  <testcase name="aNameGiven" classname="TwoferTest" time="0.0"/>
  <testcase name="anotherNameGiven" classname="TwoferTest" time="0.0"/>
  <system-out><![CDATA[]]></system-out>
  <system-err><![CDATA[]]></system-err>
</testsuite>
